<?xml version="1.0" encoding="UTF-8"?>
<!-- Generated by org.testng.reporters.JUnitReportReporter -->
<testsuite hostname="Aman" failures="0" tests="1" name="Mock_Response.RestAPI_Using_TestNG" time="1.063" errors="0" timestamp="2025-01-18T11:04:15 IST" skipped="0">
  <testcase classname="Mock_Response.RestAPI_Using_TestNG" name="sumOfCourses" time="1.063"/>
</testsuite> <!-- Mock_Response.RestAPI_Using_TestNG -->
