<?xml version="1.0" encoding="UTF-8"?>
<!-- Generated by org.testng.reporters.JUnitReportReporter -->
<testsuite hostname="Aman" failures="0" tests="3" name="Handling_Dynamic_JSON_Payloads.LibraryAPI" time="2.671" errors="0" timestamp="2025-01-18T11:59:17 IST" skipped="0">
  <testcase classname="Handling_Dynamic_JSON_Payloads.LibraryAPI" name="addBook" time="1.957"/>
  <testcase classname="Handling_Dynamic_JSON_Payloads.LibraryAPI" name="addBook" time="0.328"/>
  <testcase classname="Handling_Dynamic_JSON_Payloads.LibraryAPI" name="addBook" time="0.386"/>
</testsuite> <!-- Handling_Dynamic_JSON_Payloads.LibraryAPI -->
