<?xml version="1.0" encoding="UTF-8"?>
<!-- Generated by org.testng.reporters.JUnitReportReporter -->
<testsuite hostname="Aman" failures="0" tests="1" name="Jira_API.BugTest" time="5.321" errors="0" timestamp="2025-01-18T14:05:25 IST" skipped="0">
  <testcase classname="Jira_API.BugTest" name="createBug" time="5.321"/>
</testsuite> <!-- Jira_API.BugTest -->
